12-01 18:28:04.491  1689  2072 I ActivityTaskManager: Displayed com.android.todolist/.MainActivity: +448ms
12-01 18:28:24.574  1689  2072 I ActivityTaskManager: Displayed com.android.todolist/.ListActivity: +201ms
12-01 18:28:27.771  5814  5814 I AndroidIME: AbstractIme.onActivate():86 LatinIme.onActivate() : EditorInfo = inputType=Text imeActionName=DONE dump=[inputType=0x61 imeOptions=0x6 privateImeOptions=null actionLabel=null actionId=0 initialSelStart=0 initialSelEnd=0 initialCapsMode=0x0 hintText=New task label=null packageName=com.android.todolist autofillId=1073741824 fieldId=2131230877 fieldName=null extras=null hintLocales=null contentMimeTypes=null ], IncognitoMode = false, DeviceLocked = false
12-01 18:28:27.936  4307 25027 W kqh     : Infinite Data has no result for com.android.todolist [CONTEXT service_id=177 ]
12-01 18:28:27.948  4307 25551 W kqh     : Infinite Data has no result for com.android.todolist [CONTEXT service_id=177 ]
12-01 18:29:00.294  5814  5814 I AndroidIME: AbstractIme.onActivate():86 LatinIme.onActivate() : EditorInfo = inputType=Text imeActionName=DONE dump=[inputType=0x61 imeOptions=0x6 privateImeOptions=null actionLabel=null actionId=0 initialSelStart=0 initialSelEnd=0 initialCapsMode=0x0 hintText=New task label=null packageName=com.android.todolist autofillId=1073741824 fieldId=2131230877 fieldName=null extras=null hintLocales=null contentMimeTypes=null ], IncognitoMode = false, DeviceLocked = false
12-01 18:29:04.423  5814  5814 I AndroidIME: AbstractIme.onActivate():86 PasswordIme.onActivate() : EditorInfo = inputType=Text imeActionName=UNSPECIFIED dump=[inputType=0x0 imeOptions=0x0 privateImeOptions=null actionLabel=null actionId=0 initialSelStart=-1 initialSelEnd=-1 initialCapsMode=0x0 hintText=null label=null packageName=com.android.todolist autofillId=1073741833 fieldId=2131230904 fieldName=null extras=null hintLocales=null contentMimeTypes=null ], IncognitoMode = false, DeviceLocked = false
12-01 18:29:26.298  1689  2072 I ActivityTaskManager: Displayed com.android.todolist/.MainActivity: +240ms
12-01 18:29:40.307  1689  2072 I ActivityTaskManager: Displayed com.android.todolist/.About: +168ms
12-01 18:30:48.144  5814  5814 I AndroidIME: AbstractIme.onActivate():86 LatinIme.onActivate() : EditorInfo = inputType=Text imeActionName=DONE dump=[inputType=0x61 imeOptions=0x6 privateImeOptions=null actionLabel=null actionId=0 initialSelStart=0 initialSelEnd=0 initialCapsMode=0x0 hintText=Name list label=null packageName=com.android.todolist autofillId=1073741824 fieldId=2131230821 fieldName=null extras=null hintLocales=null contentMimeTypes=null ], IncognitoMode = false, DeviceLocked = false
12-01 18:30:48.236  4307 25721 W kqh     : Infinite Data has no result for com.android.todolist [CONTEXT service_id=177 ]
12-01 18:30:48.248  4307 25063 W kqh     : Infinite Data has no result for com.android.todolist [CONTEXT service_id=177 ]
12-01 18:30:49.183  5814  5814 I AndroidIME: AbstractIme.onActivate():86 LatinIme.onActivate() : EditorInfo = inputType=Text imeActionName=DONE dump=[inputType=0x61 imeOptions=0x6 privateImeOptions=null actionLabel=null actionId=0 initialSelStart=0 initialSelEnd=0 initialCapsMode=0x0 hintText=Name list label=null packageName=com.android.todolist autofillId=1073741824 fieldId=2131230821 fieldName=null extras=null hintLocales=null contentMimeTypes=null ], IncognitoMode = false, DeviceLocked = false
12-01 18:30:54.481  5814  5814 I AndroidIME: AbstractIme.onActivate():86 LatinIme.onActivate() : EditorInfo = inputType=Text imeActionName=DONE dump=[inputType=0x61 imeOptions=0x6 privateImeOptions=null actionLabel=null actionId=0 initialSelStart=0 initialSelEnd=0 initialCapsMode=0x0 hintText=Name list label=null packageName=com.android.todolist autofillId=1073741895 fieldId=2131230821 fieldName=null extras=null hintLocales=null contentMimeTypes=null ], IncognitoMode = false, DeviceLocked = false
12-01 18:30:54.518  4307 25063 W kqh     : Infinite Data has no result for com.android.todolist [CONTEXT service_id=177 ]
12-01 18:30:54.522  4307 25551 W kqh     : Infinite Data has no result for com.android.todolist [CONTEXT service_id=177 ]
12-01 18:30:59.038  1689  2072 I ActivityTaskManager: Displayed com.android.todolist/.Info: +170ms
12-01 18:31:04.221  5814  5814 I AndroidIME: AbstractIme.onActivate():86 LatinIme.onActivate() : EditorInfo = inputType=Text imeActionName=DONE dump=[inputType=0x61 imeOptions=0x6 privateImeOptions=null actionLabel=null actionId=0 initialSelStart=0 initialSelEnd=0 initialCapsMode=0x0 hintText=Name list label=null packageName=com.android.todolist autofillId=1073741928 fieldId=2131230821 fieldName=null extras=null hintLocales=null contentMimeTypes=null ], IncognitoMode = false, DeviceLocked = false
12-01 18:31:04.263  4307 25551 W kqh     : Infinite Data has no result for com.android.todolist [CONTEXT service_id=177 ]
12-01 18:31:04.268  4307 25721 W kqh     : Infinite Data has no result for com.android.todolist [CONTEXT service_id=177 ]
12-01 18:31:10.077  5814  5814 I AndroidIME: AbstractIme.onActivate():86 LatinIme.onActivate() : EditorInfo = inputType=Text imeActionName=DONE dump=[inputType=0x61 imeOptions=0x6 privateImeOptions=null actionLabel=null actionId=0 initialSelStart=0 initialSelEnd=0 initialCapsMode=0x0 hintText=Name list label=null packageName=com.android.todolist autofillId=1073741961 fieldId=2131230821 fieldName=null extras=null hintLocales=null contentMimeTypes=null ], IncognitoMode = false, DeviceLocked = false
12-01 18:31:10.122  4307 29715 W kqh     : Infinite Data has no result for com.android.todolist [CONTEXT service_id=177 ]
12-01 18:31:10.128  4307 29759 W kqh     : Infinite Data has no result for com.android.todolist [CONTEXT service_id=177 ]
12-01 18:31:18.524  5814  5814 I AndroidIME: AbstractIme.onActivate():86 LatinIme.onActivate() : EditorInfo = inputType=Text imeActionName=DONE dump=[inputType=0x61 imeOptions=0x6 privateImeOptions=null actionLabel=null actionId=0 initialSelStart=0 initialSelEnd=0 initialCapsMode=0x0 hintText=Name list label=null packageName=com.android.todolist autofillId=1073741996 fieldId=2131230821 fieldName=null extras=null hintLocales=null contentMimeTypes=null ], IncognitoMode = false, DeviceLocked = false
12-01 18:31:18.564  4307 29759 W kqh     : Infinite Data has no result for com.android.todolist [CONTEXT service_id=177 ]
12-01 18:31:18.570  4307 29715 W kqh     : Infinite Data has no result for com.android.todolist [CONTEXT service_id=177 ]
12-01 18:31:22.634  5814  5814 I AndroidIME: AbstractIme.onActivate():86 LatinIme.onActivate() : EditorInfo = inputType=Text imeActionName=DONE dump=[inputType=0x61 imeOptions=0x6 privateImeOptions=null actionLabel=null actionId=0 initialSelStart=0 initialSelEnd=0 initialCapsMode=0x0 hintText=Name list label=null packageName=com.android.todolist autofillId=1073742029 fieldId=2131230821 fieldName=null extras=null hintLocales=null contentMimeTypes=null ], IncognitoMode = false, DeviceLocked = false
12-01 18:31:22.670  4307 25551 W kqh     : Infinite Data has no result for com.android.todolist [CONTEXT service_id=177 ]
12-01 18:31:22.679  4307 29715 W kqh     : Infinite Data has no result for com.android.todolist [CONTEXT service_id=177 ]
12-01 18:31:27.581 29038 29038 E AndroidRuntime: Process: com.android.todolist, PID: 29038
12-01 18:31:27.581 29038 29038 E AndroidRuntime: 	at com.android.todolist.MyAdapter$onBindViewHolder$1.onClick(MyAdapter.kt:58)
12-01 18:31:35.674  1689  2072 I ActivityTaskManager: Displayed com.android.todolist/.MainActivity: +451ms
12-01 18:31:40.472  5814  5814 I AndroidIME: AbstractIme.onActivate():86 LatinIme.onActivate() : EditorInfo = inputType=Text imeActionName=DONE dump=[inputType=0x61 imeOptions=0x6 privateImeOptions=null actionLabel=null actionId=0 initialSelStart=0 initialSelEnd=0 initialCapsMode=0x0 hintText=Name list label=null packageName=com.android.todolist autofillId=1073741824 fieldId=2131230821 fieldName=null extras=null hintLocales=null contentMimeTypes=null ], IncognitoMode = false, DeviceLocked = false
12-01 18:31:40.502  4307 25027 W kqh     : Infinite Data has no result for com.android.todolist [CONTEXT service_id=177 ]
12-01 18:31:40.517  4307 25551 W kqh     : Infinite Data has no result for com.android.todolist [CONTEXT service_id=177 ]
12-01 18:31:43.987  1689  2072 I ActivityTaskManager: Displayed com.android.todolist/.Info: +172ms
12-01 18:31:49.469  1689  2072 I ActivityTaskManager: Displayed com.android.todolist/.ListActivity: +172ms
12-01 18:31:51.392  5814  5814 I AndroidIME: AbstractIme.onActivate():86 LatinIme.onActivate() : EditorInfo = inputType=Text imeActionName=DONE dump=[inputType=0x61 imeOptions=0x6 privateImeOptions=null actionLabel=null actionId=0 initialSelStart=0 initialSelEnd=0 initialCapsMode=0x0 hintText=New task label=null packageName=com.android.todolist autofillId=1073741824 fieldId=2131230877 fieldName=null extras=null hintLocales=null contentMimeTypes=null ], IncognitoMode = false, DeviceLocked = false
12-01 18:31:51.502  4307 25551 W kqh     : Infinite Data has no result for com.android.todolist [CONTEXT service_id=177 ]
12-01 18:31:51.509  4307 25027 W kqh     : Infinite Data has no result for com.android.todolist [CONTEXT service_id=177 ]
12-01 18:31:54.589  5814  5814 I AndroidIME: AbstractIme.onActivate():86 LatinIme.onActivate() : EditorInfo = inputType=Text imeActionName=NEXT dump=[inputType=0x61 imeOptions=0x8000005 privateImeOptions=null actionLabel=null actionId=0 initialSelStart=5 initialSelEnd=5 initialCapsMode=0x0 hintText=New task label=null packageName=com.android.todolist autofillId=1073741824 fieldId=2131230877 fieldName=null extras=null hintLocales=null contentMimeTypes=null ], IncognitoMode = false, DeviceLocked = false
12-01 18:31:56.374  5814  5814 I AndroidIME: AbstractIme.onActivate():86 PasswordIme.onActivate() : EditorInfo = inputType=Text imeActionName=UNSPECIFIED dump=[inputType=0x0 imeOptions=0x0 privateImeOptions=null actionLabel=null actionId=0 initialSelStart=-1 initialSelEnd=-1 initialCapsMode=0x0 hintText=null label=null packageName=com.android.todolist autofillId=1073741833 fieldId=2131230904 fieldName=null extras=null hintLocales=null contentMimeTypes=null ], IncognitoMode = false, DeviceLocked = false
